{
    "meta": {
        "version": "6.2",
        "timestamp": "2021-12-23T17:41:18.019384",
        "branch_coverage": false,
        "show_contexts": false
    },
    "files": {
        "app/app.py": {
            "executed_lines": [],
            "summary": {
                "covered_lines": 0,
                "num_statements": 7,
                "percent_covered": 0.0,
                "percent_covered_display": "0",
                "missing_lines": 7,
                "excluded_lines": 0
            },
            "missing_lines": [
                1,
                2,
                4,
                5,
                6,
                8,
                9
            ],
            "excluded_lines": []
        }
    },
    "totals": {
        "covered_lines": 0,
        "num_statements": 7,
        "percent_covered": 0.0,
        "percent_covered_display": "0",
        "missing_lines": 7,
        "excluded_lines": 0
    }
}